# JRE version: OpenJDK Runtime Environment Temurin-21.0.6+7 (21.0.6+7) (build 21.0.6+7-LTS)
# Java VM: OpenJDK 64-Bit Server VM Temurin-21.0.6+7 (21.0.6+7-LTS, mixed mode, sharing, tiered, compressed oops, compressed class ptrs, parallel gc, windows-amd64)
GC Precious Log:
 CardTable entry size: 512
 CPUs: 20 total, 20 available
 Memory: 16088M
 Large Page Support: Disabled
 NUMA Support: Disabled
 Compressed Oops: Enabled (32-bit)
 Alignments: Space 512K, Generation 512K, Heap 2M
 Heap Min Capacity: 100M
 Heap Initial Capacity: 100M
 Heap Max Capacity: 1G
 Pre-touch: Disabled
 Parallel Workers: 15
Heap:
 PSYoungGen      total 14848K, used 8835K [0x00000000eab00000, 0x00000000ec180000, 0x0000000100000000)
  eden space 13312K, 56% used [0x00000000eab00000,0x00000000eb25a818,0x00000000eb800000)
  from space 1536K, 84% used [0x00000000ec000000,0x00000000ec146420,0x00000000ec180000)
  to   space 1536K, 0% used [0x00000000ebe80000,0x00000000ebe80000,0x00000000ec000000)
 ParOldGen       total 199168K, used 199009K [0x00000000c0000000, 0x00000000cc280000, 0x00000000eab00000)
  object space 199168K, 99% used [0x00000000c0000000,0x00000000cc2587f0,0x00000000cc280000)
 Metaspace       used 59222K, committed 60608K, reserved 1114112K
  class space    used 5955K, committed 6592K, reserved 1048576K
GC Heap History (20 events):
Event: 14.275 GC heap before
{Heap before GC invocations=94 (full 2):
 PSYoungGen      total 18432K, used 17962K [0x00000000eab00000, 0x00000000ec480000, 0x0000000100000000)
  eden space 13824K, 100% used [0x00000000eab00000,0x00000000eb880000,0x00000000eb880000)
  from space 4608K, 89% used [0x00000000eb980000,0x00000000ebd8abf8,0x00000000ebe00000)
  to   space 6144K, 0% used [0x00000000ebe80000,0x00000000ebe80000,0x00000000ec480000)
 ParOldGen       total 168960K, used 168613K [0x00000000c0000000, 0x00000000ca500000, 0x00000000eab00000)
  object space 168960K, 99% used [0x00000000c0000000,0x00000000ca4a94a0,0x00000000ca500000)
 Metaspace       used 55771K, committed 57152K, reserved 1114112K
  class space    used 5736K, committed 6400K, reserved 1048576K
}
Event: 14.282 GC heap after
{Heap after GC invocations=94 (full 2):
 PSYoungGen      total 19456K, used 5947K [0x00000000eab00000, 0x00000000ec580000, 0x0000000100000000)
  eden space 13312K, 0% used [0x00000000eab00000,0x00000000eab00000,0x00000000eb800000)
  from space 6144K, 96% used [0x00000000ebe80000,0x00000000ec44ee90,0x00000000ec480000)
  to   space 6656K, 0% used [0x00000000eb800000,0x00000000eb800000,0x00000000ebe80000)
 ParOldGen       total 173056K, used 172624K [0x00000000c0000000, 0x00000000ca900000, 0x00000000eab00000)
  object space 173056K, 99% used [0x00000000c0000000,0x00000000ca894268,0x00000000ca900000)
 Metaspace       used 55771K, committed 57152K, reserved 1114112K
  class space    used 5736K, committed 6400K, reserved 1048576K
}
Event: 14.643 GC heap before
{Heap before GC invocations=95 (full 2):
 PSYoungGen      total 19456K, used 19259K [0x00000000eab00000, 0x00000000ec580000, 0x0000000100000000)
  eden space 13312K, 100% used [0x00000000eab00000,0x00000000eb800000,0x00000000eb800000)
  from space 6144K, 96% used [0x00000000ebe80000,0x00000000ec44ee90,0x00000000ec480000)
  to   space 6656K, 0% used [0x00000000eb800000,0x00000000eb800000,0x00000000ebe80000)
 ParOldGen       total 173056K, used 172624K [0x00000000c0000000, 0x00000000ca900000, 0x00000000eab00000)
  object space 173056K, 99% used [0x00000000c0000000,0x00000000ca894268,0x00000000ca900000)
 Metaspace       used 56296K, committed 57600K, reserved 1114112K
  class space    used 5771K, committed 6400K, reserved 1048576K
}
Event: 14.653 GC heap after
{Heap after GC invocations=95 (full 2):
 PSYoungGen      total 19968K, used 6643K [0x00000000eab00000, 0x00000000ed500000, 0x0000000100000000)
  eden space 13312K, 0% used [0x00000000eab00000,0x00000000eab00000,0x00000000eb800000)
  from space 6656K, 99% used [0x00000000eb800000,0x00000000ebe7ce60,0x00000000ebe80000)
  to   space 14848K, 0% used [0x00000000ec680000,0x00000000ec680000,0x00000000ed500000)
 ParOldGen       total 179712K, used 179364K [0x00000000c0000000, 0x00000000caf80000, 0x00000000eab00000)
  object space 179712K, 99% used [0x00000000c0000000,0x00000000caf293d8,0x00000000caf80000)
 Metaspace       used 56296K, committed 57600K, reserved 1114112K
  class space    used 5771K, committed 6400K, reserved 1048576K
}
Event: 14.836 GC heap before
{Heap before GC invocations=96 (full 2):
 PSYoungGen      total 19968K, used 19955K [0x00000000eab00000, 0x00000000ed500000, 0x0000000100000000)
  eden space 13312K, 100% used [0x00000000eab00000,0x00000000eb800000,0x00000000eb800000)
  from space 6656K, 99% used [0x00000000eb800000,0x00000000ebe7ce60,0x00000000ebe80000)
  to   space 14848K, 0% used [0x00000000ec680000,0x00000000ec680000,0x00000000ed500000)
 ParOldGen       total 179712K, used 179364K [0x00000000c0000000, 0x00000000caf80000, 0x00000000eab00000)
  object space 179712K, 99% used [0x00000000c0000000,0x00000000caf293d8,0x00000000caf80000)
 Metaspace       used 56704K, committed 58048K, reserved 1114112K
  class space    used 5788K, committed 6400K, reserved 1048576K
}
Event: 14.844 GC heap after
{Heap after GC invocations=96 (full 2):
 PSYoungGen      total 17920K, used 4555K [0x00000000eab00000, 0x00000000ecb00000, 0x0000000100000000)
  eden space 13312K, 0% used [0x00000000eab00000,0x00000000eab00000,0x00000000eb800000)
  from space 4608K, 98% used [0x00000000ec680000,0x00000000ecaf2c68,0x00000000ecb00000)
  to   space 8192K, 0% used [0x00000000ebb00000,0x00000000ebb00000,0x00000000ec300000)
 ParOldGen       total 186368K, used 185887K [0x00000000c0000000, 0x00000000cb600000, 0x00000000eab00000)
  object space 186368K, 99% used [0x00000000c0000000,0x00000000cb587cd8,0x00000000cb600000)
 Metaspace       used 56704K, committed 58048K, reserved 1114112K
  class space    used 5788K, committed 6400K, reserved 1048576K
}
Event: 15.021 GC heap before
{Heap before GC invocations=97 (full 2):
 PSYoungGen      total 17920K, used 17867K [0x00000000eab00000, 0x00000000ecb00000, 0x0000000100000000)
  eden space 13312K, 100% used [0x00000000eab00000,0x00000000eb800000,0x00000000eb800000)
  from space 4608K, 98% used [0x00000000ec680000,0x00000000ecaf2c68,0x00000000ecb00000)
  to   space 8192K, 0% used [0x00000000ebb00000,0x00000000ebb00000,0x00000000ec300000)
 ParOldGen       total 186368K, used 185887K [0x00000000c0000000, 0x00000000cb600000, 0x00000000eab00000)
  object space 186368K, 99% used [0x00000000c0000000,0x00000000cb587cd8,0x00000000cb600000)
 Metaspace       used 57005K, committed 58368K, reserved 1114112K
  class space    used 5806K, committed 6464K, reserved 1048576K
}
Event: 15.032 GC heap after
{Heap after GC invocations=97 (full 2):
 PSYoungGen      total 16896K, used 3350K [0x00000000eab00000, 0x00000000ec700000, 0x0000000100000000)
  eden space 13312K, 0% used [0x00000000eab00000,0x00000000eab00000,0x00000000eb800000)
  from space 3584K, 93% used [0x00000000ebb00000,0x00000000ebe45860,0x00000000ebe80000)
  to   space 4608K, 0% used [0x00000000ec280000,0x00000000ec280000,0x00000000ec700000)
 ParOldGen       total 189952K, used 189706K [0x00000000c0000000, 0x00000000cb980000, 0x00000000eab00000)
  object space 189952K, 99% used [0x00000000c0000000,0x00000000cb942868,0x00000000cb980000)
 Metaspace       used 57005K, committed 58368K, reserved 1114112K
  class space    used 5806K, committed 6464K, reserved 1048576K
}
Event: 15.517 GC heap before
{Heap before GC invocations=98 (full 2):
 PSYoungGen      total 16896K, used 16662K [0x00000000eab00000, 0x00000000ec700000, 0x0000000100000000)
  eden space 13312K, 100% used [0x00000000eab00000,0x00000000eb800000,0x00000000eb800000)
  from space 3584K, 93% used [0x00000000ebb00000,0x00000000ebe45860,0x00000000ebe80000)
  to   space 4608K, 0% used [0x00000000ec280000,0x00000000ec280000,0x00000000ec700000)
 ParOldGen       total 189952K, used 189706K [0x00000000c0000000, 0x00000000cb980000, 0x00000000eab00000)
  object space 189952K, 99% used [0x00000000c0000000,0x00000000cb942868,0x00000000cb980000)
 Metaspace       used 58391K, committed 59712K, reserved 1114112K
  class space    used 5939K, committed 6592K, reserved 1048576K
}
Event: 15.526 GC heap after
{Heap after GC invocations=98 (full 2):
 PSYoungGen      total 16896K, used 3152K [0x00000000eab00000, 0x00000000ec600000, 0x0000000100000000)
  eden space 13312K, 0% used [0x00000000eab00000,0x00000000eab00000,0x00000000eb800000)
  from space 3584K, 87% used [0x00000000ec280000,0x00000000ec594020,0x00000000ec600000)
  to   space 3584K, 0% used [0x00000000ebb00000,0x00000000ebb00000,0x00000000ebe80000)
 ParOldGen       total 193024K, used 192806K [0x00000000c0000000, 0x00000000cbc80000, 0x00000000eab00000)
  object space 193024K, 99% used [0x00000000c0000000,0x00000000cbc49898,0x00000000cbc80000)
 Metaspace       used 58391K, committed 59712K, reserved 1114112K
  class space    used 5939K, committed 6592K, reserved 1048576K
}
Event: 15.635 GC heap before
{Heap before GC invocations=99 (full 2):
 PSYoungGen      total 16896K, used 16464K [0x00000000eab00000, 0x00000000ec600000, 0x0000000100000000)
  eden space 13312K, 100% used [0x00000000eab00000,0x00000000eb800000,0x00000000eb800000)
  from space 3584K, 87% used [0x00000000ec280000,0x00000000ec594020,0x00000000ec600000)
  to   space 3584K, 0% used [0x00000000ebb00000,0x00000000ebb00000,0x00000000ebe80000)
 ParOldGen       total 193024K, used 192806K [0x00000000c0000000, 0x00000000cbc80000, 0x00000000eab00000)
  object space 193024K, 99% used [0x00000000c0000000,0x00000000cbc49898,0x00000000cbc80000)
 Metaspace       used 58535K, committed 59840K, reserved 1114112K
  class space    used 5945K, committed 6592K, reserved 1048576K
}
Event: 15.640 GC heap after
{Heap after GC invocations=99 (full 2):
 PSYoungGen      total 16896K, used 1200K [0x00000000eab00000, 0x00000000ec300000, 0x0000000100000000)
  eden space 13312K, 0% used [0x00000000eab00000,0x00000000eab00000,0x00000000eb800000)
  from space 3584K, 33% used [0x00000000ebb00000,0x00000000ebc2c010,0x00000000ebe80000)
  to   space 2048K, 0% used [0x00000000ec100000,0x00000000ec100000,0x00000000ec300000)
 ParOldGen       total 195584K, used 195582K [0x00000000c0000000, 0x00000000cbf00000, 0x00000000eab00000)
  object space 195584K, 99% used [0x00000000c0000000,0x00000000cbeff918,0x00000000cbf00000)
 Metaspace       used 58535K, committed 59840K, reserved 1114112K
  class space    used 5945K, committed 6592K, reserved 1048576K
}
Event: 15.708 GC heap before
{Heap before GC invocations=100 (full 2):
 PSYoungGen      total 16896K, used 14512K [0x00000000eab00000, 0x00000000ec300000, 0x0000000100000000)
  eden space 13312K, 100% used [0x00000000eab00000,0x00000000eb800000,0x00000000eb800000)
  from space 3584K, 33% used [0x00000000ebb00000,0x00000000ebc2c010,0x00000000ebe80000)
  to   space 2048K, 0% used [0x00000000ec100000,0x00000000ec100000,0x00000000ec300000)
 ParOldGen       total 195584K, used 195582K [0x00000000c0000000, 0x00000000cbf00000, 0x00000000eab00000)
  object space 195584K, 99% used [0x00000000c0000000,0x00000000cbeff918,0x00000000cbf00000)
 Metaspace       used 58604K, committed 59968K, reserved 1114112K
  class space    used 5947K, committed 6592K, reserved 1048576K
}
Event: 15.710 GC heap after
{Heap after GC invocations=100 (full 2):
 PSYoungGen      total 14848K, used 1056K [0x00000000eab00000, 0x00000000ec280000, 0x0000000100000000)
  eden space 13312K, 0% used [0x00000000eab00000,0x00000000eab00000,0x00000000eb800000)
  from space 1536K, 68% used [0x00000000ec100000,0x00000000ec208000,0x00000000ec280000)
  to   space 1536K, 0% used [0x00000000ebf80000,0x00000000ebf80000,0x00000000ec100000)
 ParOldGen       total 196608K, used 196314K [0x00000000c0000000, 0x00000000cc000000, 0x00000000eab00000)
  object space 196608K, 99% used [0x00000000c0000000,0x00000000cbfb6958,0x00000000cc000000)
 Metaspace       used 58604K, committed 59968K, reserved 1114112K
  class space    used 5947K, committed 6592K, reserved 1048576K
}
Event: 15.795 GC heap before
{Heap before GC invocations=101 (full 2):
 PSYoungGen      total 14848K, used 14368K [0x00000000eab00000, 0x00000000ec280000, 0x0000000100000000)
  eden space 13312K, 100% used [0x00000000eab00000,0x00000000eb800000,0x00000000eb800000)
  from space 1536K, 68% used [0x00000000ec100000,0x00000000ec208000,0x00000000ec280000)
  to   space 1536K, 0% used [0x00000000ebf80000,0x00000000ebf80000,0x00000000ec100000)
 ParOldGen       total 196608K, used 196314K [0x00000000c0000000, 0x00000000cc000000, 0x00000000eab00000)
  object space 196608K, 99% used [0x00000000c0000000,0x00000000cbfb6958,0x00000000cc000000)
 Metaspace       used 58742K, committed 60096K, reserved 1114112K
  class space    used 5948K, committed 6592K, reserved 1048576K
}
Event: 15.799 GC heap after
{Heap after GC invocations=101 (full 2):
 PSYoungGen      total 14848K, used 1526K [0x00000000eab00000, 0x00000000ec180000, 0x0000000100000000)
  eden space 13312K, 0% used [0x00000000eab00000,0x00000000eab00000,0x00000000eb800000)
  from space 1536K, 99% used [0x00000000ebf80000,0x00000000ec0fd808,0x00000000ec100000)
  to   space 512K, 0% used [0x00000000ec100000,0x00000000ec100000,0x00000000ec180000)
 ParOldGen       total 197120K, used 196718K [0x00000000c0000000, 0x00000000cc080000, 0x00000000eab00000)
  object space 197120K, 99% used [0x00000000c0000000,0x00000000cc01b998,0x00000000cc080000)
 Metaspace       used 58742K, committed 60096K, reserved 1114112K
  class space    used 5948K, committed 6592K, reserved 1048576K
}
Event: 15.879 GC heap before
{Heap before GC invocations=102 (full 2):
 PSYoungGen      total 14848K, used 14838K [0x00000000eab00000, 0x00000000ec180000, 0x0000000100000000)
  eden space 13312K, 100% used [0x00000000eab00000,0x00000000eb800000,0x00000000eb800000)
  from space 1536K, 99% used [0x00000000ebf80000,0x00000000ec0fd808,0x00000000ec100000)
  to   space 512K, 0% used [0x00000000ec100000,0x00000000ec100000,0x00000000ec180000)
 ParOldGen       total 197120K, used 196718K [0x00000000c0000000, 0x00000000cc080000, 0x00000000eab00000)
  object space 197120K, 99% used [0x00000000c0000000,0x00000000cc01b998,0x00000000cc080000)
 Metaspace       used 58891K, committed 60288K, reserved 1114112K
  class space    used 5953K, committed 6592K, reserved 1048576K
}
Event: 15.883 GC heap after
{Heap after GC invocations=102 (full 2):
 PSYoungGen      total 13824K, used 496K [0x00000000eab00000, 0x00000000ec180000, 0x0000000100000000)
  eden space 13312K, 0% used [0x00000000eab00000,0x00000000eab00000,0x00000000eb800000)
  from space 512K, 96% used [0x00000000ec100000,0x00000000ec17c010,0x00000000ec180000)
  to   space 2048K, 0% used [0x00000000ebd80000,0x00000000ebd80000,0x00000000ebf80000)
 ParOldGen       total 197632K, used 197586K [0x00000000c0000000, 0x00000000cc100000, 0x00000000eab00000)
  object space 197632K, 99% used [0x00000000c0000000,0x00000000cc0f49d8,0x00000000cc100000)
 Metaspace       used 58891K, committed 60288K, reserved 1114112K
  class space    used 5953K, committed 6592K, reserved 1048576K
}
Event: 15.936 GC heap before
{Heap before GC invocations=103 (full 2):
 PSYoungGen      total 13824K, used 13808K [0x00000000eab00000, 0x00000000ec180000, 0x0000000100000000)
  eden space 13312K, 100% used [0x00000000eab00000,0x00000000eb800000,0x00000000eb800000)
  from space 512K, 96% used [0x00000000ec100000,0x00000000ec17c010,0x00000000ec180000)
  to   space 2048K, 0% used [0x00000000ebd80000,0x00000000ebd80000,0x00000000ebf80000)
 ParOldGen       total 197632K, used 197586K [0x00000000c0000000, 0x00000000cc100000, 0x00000000eab00000)
  object space 197632K, 99% used [0x00000000c0000000,0x00000000cc0f49d8,0x00000000cc100000)
 Metaspace       used 59108K, committed 60480K, reserved 1114112K
  class space    used 5953K, committed 6592K, reserved 1048576K
}
Event: 15.940 GC heap after
{Heap after GC invocations=103 (full 2):
 PSYoungGen      total 15360K, used 1211K [0x00000000eab00000, 0x00000000ec180000, 0x0000000100000000)
  eden space 13312K, 0% used [0x00000000eab00000,0x00000000eab00000,0x00000000eb800000)
  from space 2048K, 59% used [0x00000000ebd80000,0x00000000ebeaec08,0x00000000ebf80000)
  to   space 1536K, 0% used [0x00000000ec000000,0x00000000ec000000,0x00000000ec180000)
 ParOldGen       total 198144K, used 198082K [0x00000000c0000000, 0x00000000cc180000, 0x00000000eab00000)
  object space 198144K, 99% used [0x00000000c0000000,0x00000000cc1709d8,0x00000000cc180000)
 Metaspace       used 59108K, committed 60480K, reserved 1114112K
  class space    used 5953K, committed 6592K, reserved 1048576K
}

